{"/home/mundowap/dev/reactdashboard/src/components/Header/index.tsx": {"path":"/home/mundowap/dev/reactdashboard/src/components/Header/index.tsx","all":false,"statementMap":{"0":{"start":{"line":1,"column":0},"end":{"line":1,"column":25}},"1":{"start":{"line":2,"column":0},"end":{"line":2,"column":47}},"2":{"start":{"line":3,"column":0},"end":{"line":3,"column":29}},"3":{"start":{"line":4,"column":0},"end":{"line":4,"column":45}},"4":{"start":{"line":5,"column":0},"end":{"line":5,"column":0}},"5":{"start":{"line":6,"column":0},"end":{"line":6,"column":44}},"6":{"start":{"line":7,"column":0},"end":{"line":7,"column":28}},"7":{"start":{"line":8,"column":0},"end":{"line":8,"column":10}},"8":{"start":{"line":9,"column":0},"end":{"line":9,"column":17}},"9":{"start":{"line":10,"column":0},"end":{"line":10,"column":11}},"10":{"start":{"line":11,"column":0},"end":{"line":11,"column":40}},"11":{"start":{"line":12,"column":0},"end":{"line":12,"column":12}},"12":{"start":{"line":13,"column":0},"end":{"line":13,"column":30}},"13":{"start":{"line":14,"column":0},"end":{"line":14,"column":18}},"14":{"start":{"line":15,"column":0},"end":{"line":15,"column":3}},"15":{"start":{"line":16,"column":0},"end":{"line":16,"column":1}}},"s":{"0":1,"1":1,"2":1,"3":1,"4":1,"5":3,"6":3,"7":3,"8":3,"9":3,"10":3,"11":3,"12":3,"13":3,"14":3,"15":3},"branchMap":{"0":{"type":"branch","line":6,"loc":{"start":{"line":6,"column":0},"end":{"line":16,"column":1}},"locations":[{"start":{"line":6,"column":0},"end":{"line":16,"column":1}}]}},"b":{"0":[3]},"fnMap":{"0":{"name":"Header","decl":{"start":{"line":6,"column":0},"end":{"line":16,"column":1}},"loc":{"start":{"line":6,"column":0},"end":{"line":16,"column":1}},"line":6}},"f":{"0":3}}
,"/home/mundowap/dev/reactdashboard/src/components/Header/styles.ts": {"path":"/home/mundowap/dev/reactdashboard/src/components/Header/styles.ts","all":false,"statementMap":{"0":{"start":{"line":1,"column":0},"end":{"line":1,"column":38}},"1":{"start":{"line":2,"column":0},"end":{"line":2,"column":0}},"2":{"start":{"line":3,"column":0},"end":{"line":3,"column":36}},"3":{"start":{"line":4,"column":0},"end":{"line":4,"column":16}},"4":{"start":{"line":5,"column":0},"end":{"line":5,"column":22}},"5":{"start":{"line":6,"column":0},"end":{"line":6,"column":25}},"6":{"start":{"line":7,"column":0},"end":{"line":7,"column":7}},"7":{"start":{"line":8,"column":0},"end":{"line":8,"column":18}},"8":{"start":{"line":9,"column":0},"end":{"line":9,"column":24}},"9":{"start":{"line":10,"column":0},"end":{"line":10,"column":28}},"10":{"start":{"line":11,"column":0},"end":{"line":11,"column":20}},"11":{"start":{"line":12,"column":0},"end":{"line":12,"column":21}},"12":{"start":{"line":13,"column":0},"end":{"line":13,"column":61}},"13":{"start":{"line":14,"column":0},"end":{"line":14,"column":61}},"14":{"start":{"line":15,"column":0},"end":{"line":15,"column":9}},"15":{"start":{"line":16,"column":0},"end":{"line":16,"column":56}},"16":{"start":{"line":17,"column":0},"end":{"line":17,"column":50}},"17":{"start":{"line":18,"column":0},"end":{"line":18,"column":5}},"18":{"start":{"line":19,"column":0},"end":{"line":19,"column":3}},"19":{"start":{"line":20,"column":0},"end":{"line":20,"column":6}},"20":{"start":{"line":21,"column":0},"end":{"line":21,"column":58}},"21":{"start":{"line":22,"column":0},"end":{"line":22,"column":58}},"22":{"start":{"line":23,"column":0},"end":{"line":23,"column":48}},"23":{"start":{"line":24,"column":0},"end":{"line":24,"column":17}},"24":{"start":{"line":25,"column":0},"end":{"line":25,"column":3}},"25":{"start":{"line":26,"column":0},"end":{"line":26,"column":1}}},"s":{"0":1,"1":1,"2":1,"3":1,"4":1,"5":1,"6":1,"7":1,"8":1,"9":1,"10":1,"11":1,"12":1,"13":1,"14":1,"15":1,"16":1,"17":1,"18":1,"19":1,"20":1,"21":1,"22":1,"23":1,"24":1,"25":1},"branchMap":{"0":{"type":"branch","line":13,"loc":{"start":{"line":13,"column":24},"end":{"line":13,"column":59}},"locations":[{"start":{"line":13,"column":24},"end":{"line":13,"column":59}}]}},"b":{"0":[4]},"fnMap":{"0":{"name":"Object.<anonymous>.exports.Container.styled_components_1.default.div.theme.theme","decl":{"start":{"line":13,"column":24},"end":{"line":13,"column":59}},"loc":{"start":{"line":13,"column":24},"end":{"line":13,"column":59}},"line":13},"1":{"name":"Object.<anonymous>.exports.Container.styled_components_1.default.div.theme.theme","decl":{"start":{"line":14,"column":21},"end":{"line":14,"column":59}},"loc":{"start":{"line":14,"column":21},"end":{"line":14,"column":59}},"line":14},"2":{"name":"Object.<anonymous>.exports.Container.styled_components_1.default.div.theme.theme","decl":{"start":{"line":16,"column":19},"end":{"line":16,"column":54}},"loc":{"start":{"line":16,"column":19},"end":{"line":16,"column":54}},"line":16},"3":{"name":"Object.<anonymous>.exports.Container.styled_components_1.default.div.theme.theme","decl":{"start":{"line":17,"column":15},"end":{"line":17,"column":48}},"loc":{"start":{"line":17,"column":15},"end":{"line":17,"column":48}},"line":17},"4":{"name":"Object.<anonymous>.exports.Container.styled_components_1.default.div.theme.theme","decl":{"start":{"line":21,"column":18},"end":{"line":21,"column":56}},"loc":{"start":{"line":21,"column":18},"end":{"line":21,"column":56}},"line":21},"5":{"name":"Object.<anonymous>.exports.Container.styled_components_1.default.div.theme.theme","decl":{"start":{"line":22,"column":17},"end":{"line":22,"column":56}},"loc":{"start":{"line":22,"column":17},"end":{"line":22,"column":56}},"line":22}},"f":{"0":4,"1":0,"2":0,"3":0,"4":0,"5":0}}
}
