TN:
SF:src/components/Header/index.tsx
FN:6,Header
FNF:1
FNH:1
FNDA:3,Header
DA:1,1
DA:2,1
DA:3,1
DA:4,1
DA:5,1
DA:6,3
DA:7,3
DA:8,3
DA:9,3
DA:10,3
DA:11,3
DA:12,3
DA:13,3
DA:14,3
DA:15,3
DA:16,3
LF:16
LH:16
BRDA:6,0,0,3
BRF:1
BRH:1
end_of_record
TN:
SF:src/components/Header/styles.ts
FN:13,Object.<anonymous>.exports.Container.styled_components_1.default.div.theme.theme
FN:14,Object.<anonymous>.exports.Container.styled_components_1.default.div.theme.theme
FN:16,Object.<anonymous>.exports.Container.styled_components_1.default.div.theme.theme
FN:17,Object.<anonymous>.exports.Container.styled_components_1.default.div.theme.theme
FN:21,Object.<anonymous>.exports.Container.styled_components_1.default.div.theme.theme
FN:22,Object.<anonymous>.exports.Container.styled_components_1.default.div.theme.theme
FNF:6
FNH:1
FNDA:4,Object.<anonymous>.exports.Container.styled_components_1.default.div.theme.theme
FNDA:0,Object.<anonymous>.exports.Container.styled_components_1.default.div.theme.theme
FNDA:0,Object.<anonymous>.exports.Container.styled_components_1.default.div.theme.theme
FNDA:0,Object.<anonymous>.exports.Container.styled_components_1.default.div.theme.theme
FNDA:0,Object.<anonymous>.exports.Container.styled_components_1.default.div.theme.theme
FNDA:0,Object.<anonymous>.exports.Container.styled_components_1.default.div.theme.theme
DA:1,1
DA:2,1
DA:3,1
DA:4,1
DA:5,1
DA:6,1
DA:7,1
DA:8,1
DA:9,1
DA:10,1
DA:11,1
DA:12,1
DA:13,1
DA:14,1
DA:15,1
DA:16,1
DA:17,1
DA:18,1
DA:19,1
DA:20,1
DA:21,1
DA:22,1
DA:23,1
DA:24,1
DA:25,1
DA:26,1
LF:26
LH:26
BRDA:13,0,0,4
BRF:1
BRH:1
end_of_record
